-------------------------------------
Beginning Export of all Source
MsAccessBarreInfo.accdb
VCS Version 3.4.23
Using Fast Save
18/08/2022 13:15:46
-------------------------------------
-------------------------------------
Exporting project...          
  MsAccessBarreInfo.accdb
[1] project processed.
-------------------------------------
Exporting vb project...       
  MsAccessBarreInfo
[1] vb project processed.
-------------------------------------
Exporting vbe references...   
  DAO
[1] vbe references processed.
-------------------------------------
No modified vbe forms found in this database.
-------------------------------------
Exporting proj properties...  
  Current Project Properties (Access)
[2] proj properties processed.
-------------------------------------
No modified saved specs found in this database.
-------------------------------------
Exporting db properties...    
  Database Properties (DAO)
[50] db properties processed.
-------------------------------------
No modified shared images found in this database.
-------------------------------------
Exporting themes...           
  Thème Office
[1] themes processed.
-------------------------------------
No modified imex specs found in this database.
-------------------------------------
No modified tables found in this database.
-------------------------------------
No modified queries found in this database.
-------------------------------------
Exporting forms...            
  F_Demo
    Sanitized in 0,017 seconds.
  F_Demo2
    Sanitized in 0,008 seconds.
[2] forms processed.
-------------------------------------
No modified macros found in this database.
-------------------------------------
No modified reports found in this database.
-------------------------------------
No modified table data found in this database.
-------------------------------------
No modified modules found in this database.
-------------------------------------
No modified table data macros found in this database.
-------------------------------------
No modified relations found in this database.
-------------------------------------
Exporting doc properties...   
  Database Documents
[5] doc properties processed.
-------------------------------------
Exporting nav pane groups...  
  Groups
[1] nav pane groups processed.
-------------------------------------
No modified hidden attributes found in this database.
-------------------------------------
Done. (0,64 seconds)

--------------------------------------------------
                PERFORMANCE REPORTS
--------------------------------------------------
Object Type                   Count     Seconds
--------------------------------------------------
Project                       1         0,02
VB Project                    1         0,02
VBE References                1         0,02
Proj Properties               2         0,01
DB Properties                 50        0,22
Themes                        1         0,01
Forms                         2         0,12
Doc Properties                5         0,02
Nav Pane Groups               1         0,02
--------------------------------------------------
TOTALS:                       64        0,45
--------------------------------------------------

--------------------------------------------------
Operations                    Count     Seconds
--------------------------------------------------
Read File                     10        0,00
Parse JSON                    8         0,01
Convert to JSON               438       0,26
Compute SHA256                16        0,00
Console Updates               2         0,05
Compare Dictionary            6         0,00
Get Modified Date             5         0,00
Get File Property Hash        5         0,00
Verify Path                   6         0,00
Create Folder                 1         0,00
Export Theme                  1         0,00
Clear Orphaned                2         0,01
App.SaveAsText()              2         0,04
Delete File                   2         0,00
Read File Bytes               2         0,02
Sanitize File                 2         0,02
Write File                    3         0,00
Get VBA Hash                  7         0,00
--------------------------------------------------
Other Operations                        0,23
--------------------------------------------------


